<?xml version="1.0" encoding="utf-8"?><testsuites name="pytest tests"><testsuite name="pytest" errors="0" failures="1" skipped="2" tests="14" time="4.932" timestamp="2026-04-08T06:13:46.943118+00:00" hostname="agent-env-064b3ba5-4f80-45c1-a5dc-fb03727f748f"><testcase classname="backend.tests.test_banking_api.TestHomeAndColors" name="test_home_endpoint" time="0.293" /><testcase classname="backend.tests.test_banking_api.TestHomeAndColors" name="test_colors_endpoint" time="0.173" /><testcase classname="backend.tests.test_banking_api.TestAdminAuth" name="test_admin_check_auth_unauthenticated" time="0.175"><failure message="AssertionError: Expected 200, got 401&#10;assert 401 == 200&#10; +  where 401 = &lt;Response [401]&gt;.status_code">backend/tests/test_banking_api.py:45: in test_admin_check_auth_unauthenticated
    assert response.status_code == 200, f"Expected 200, got {response.status_code}"
E   AssertionError: Expected 200, got 401
E   assert 401 == 200
E    +  where 401 = &lt;Response [401]&gt;.status_code</failure></testcase><testcase classname="backend.tests.test_banking_api.TestAdminAuth" name="test_admin_login_success" time="0.437" /><testcase classname="backend.tests.test_banking_api.TestAdminAuth" name="test_admin_login_invalid_credentials" time="0.219" /><testcase classname="backend.tests.test_banking_api.TestAdminEndpoints" name="test_admin_users_list" time="0.535" /><testcase classname="backend.tests.test_banking_api.TestAdminEndpoints" name="test_admin_settings" time="0.542" /><testcase classname="backend.tests.test_banking_api.TestAdminEndpoints" name="test_admin_pending_users" time="0.479" /><testcase classname="backend.tests.test_banking_api.TestAdminEndpoints" name="test_admin_iplogs" time="0.515" /><testcase classname="backend.tests.test_banking_api.TestAdminCreateUser" name="test_admin_create_user_account_numbers_numeric" time="0.879" /><testcase classname="backend.tests.test_banking_api.TestUserAuth" name="test_user_login_with_2fa_disabled" time="0.124" /><testcase classname="backend.tests.test_banking_api.TestUserEndpoints" name="test_user_accounts" time="0.117"><skipped type="pytest.skip" message="User login failed: 401">/app/backend/tests/test_banking_api.py:242: User login failed: 401</skipped></testcase><testcase classname="backend.tests.test_banking_api.TestUserEndpoints" name="test_user_transactions" time="0.116"><skipped type="pytest.skip" message="User login failed: 401">/app/backend/tests/test_banking_api.py:261: User login failed: 401</skipped></testcase><testcase classname="backend.tests.test_banking_api.TestBitcoinPrice" name="test_price_endpoint" time="0.217" /></testsuite></testsuites>